[2021-04-21T18:05:18.244] [INFO] access - GET /files-download?fileName=xuyue&filePath=asd
[2021-04-21T18:05:18.276] [INFO] access - GET /favicon.ico
[2021-04-21T18:05:18.279] [INFO] access - GET /favicon.ico 200 OK
[2021-04-21T18:05:19.266] [INFO] access - GET /files-download?fileName=xuyue&filePath=asd
[2021-04-21T18:05:19.293] [INFO] access - GET /favicon.ico
[2021-04-21T18:05:19.294] [INFO] access - GET /favicon.ico 200 OK
[2021-04-21T18:05:19.617] [INFO] access - GET /files-download?fileName=xuyue&filePath=asd
[2021-04-21T18:05:19.640] [INFO] access - GET /favicon.ico
[2021-04-21T18:05:19.641] [INFO] access - GET /favicon.ico 200 OK
[2021-04-21T18:05:19.779] [INFO] access - GET /files-download?fileName=xuyue&filePath=asd
[2021-04-21T18:05:19.807] [INFO] access - GET /favicon.ico
[2021-04-21T18:05:19.809] [INFO] access - GET /favicon.ico 200 OK
[2021-04-21T18:05:19.926] [INFO] access - GET /files-download?fileName=xuyue&filePath=asd
[2021-04-21T18:05:19.953] [INFO] access - GET /favicon.ico
[2021-04-21T18:05:19.954] [INFO] access - GET /favicon.ico 200 OK
[2021-04-21T18:06:28.749] [INFO] access - GET /download?fileName=xuyue&filePath=asd
[2021-04-21T18:07:14.439] [INFO] access - GET /download?fileName=xuyue&filePath=asd
[2021-04-21T18:07:14.483] [INFO] access - GET /favicon.ico
[2021-04-21T18:07:14.486] [INFO] access - GET /favicon.ico 200 OK
[2021-04-21T18:09:40.956] [INFO] access - GET /download?fileName=xuyue&filePath=asd
[2021-04-21T18:09:40.987] [INFO] access - GET /favicon.ico
[2021-04-21T18:09:40.988] [INFO] access - GET /favicon.ico 200 OK
[2021-04-21T18:10:06.474] [INFO] access - GET /download?fileName=xuyue&filePath=asd
[2021-04-21T18:10:06.506] [INFO] access - GET /favicon.ico
[2021-04-21T18:10:06.508] [INFO] access - GET /favicon.ico 200 OK
[2021-04-21T18:10:07.500] [INFO] access - GET /download?fileName=xuyue&filePath=asd
[2021-04-21T18:10:07.524] [INFO] access - GET /favicon.ico
[2021-04-21T18:10:07.524] [INFO] access - GET /favicon.ico 200 OK
[2021-04-21T18:10:07.644] [INFO] access - GET /download?fileName=xuyue&filePath=asd
[2021-04-21T18:10:07.671] [INFO] access - GET /favicon.ico
[2021-04-21T18:10:07.671] [INFO] access - GET /favicon.ico 200 OK
[2021-04-21T18:10:07.778] [INFO] access - GET /download?fileName=xuyue&filePath=asd
[2021-04-21T18:10:07.807] [INFO] access - GET /favicon.ico
[2021-04-21T18:10:07.808] [INFO] access - GET /favicon.ico 200 OK
[2021-04-21T21:04:36.148] [INFO] access - GET /download?fileName=xuyue&filePath=asd
[2021-04-21T21:04:36.184] [INFO] access - GET /favicon.ico
[2021-04-21T21:04:36.186] [INFO] access - GET /favicon.ico 200 OK
[2021-04-21T21:04:37.039] [INFO] access - GET /download?fileName=xuyue&filePath=asd
[2021-04-21T21:04:37.064] [INFO] access - GET /favicon.ico
[2021-04-21T21:04:37.065] [INFO] access - GET /favicon.ico 200 OK
[2021-04-21T21:05:33.266] [INFO] access - GET /download?fileName=xuyue&filePath=asd
[2021-04-21T21:05:33.299] [INFO] access - GET /favicon.ico
[2021-04-21T21:05:33.301] [INFO] access - GET /favicon.ico 200 OK
[2021-04-21T21:05:57.410] [INFO] access - GET /download?fileName=xuyue&filePath=asd
[2021-04-21T21:05:57.438] [INFO] access - GET /favicon.ico
[2021-04-21T21:05:57.439] [INFO] access - GET /favicon.ico 200 OK
[2021-04-21T21:06:02.452] [INFO] access - GET /save?fileName=xuyue&filePath=asd
[2021-04-21T21:06:02.479] [INFO] access - GET /save?fileName=xuyue&filePath=asd 200 OK
[2021-04-21T21:07:57.160] [INFO] access - GET /download?fileName=xuyue&filePath=asd
[2021-04-21T21:08:44.355] [INFO] access - GET /download?fileName=xuyue&filePath=asd
[2021-04-21T21:08:44.389] [INFO] access - GET /favicon.ico
[2021-04-21T21:08:44.391] [INFO] access - GET /favicon.ico 200 OK
[2021-04-21T21:08:48.168] [INFO] access - GET /download?fileName=xuyue&filePath=asd
[2021-04-21T21:08:48.196] [INFO] access - GET /favicon.ico
[2021-04-21T21:08:48.197] [INFO] access - GET /favicon.ico 200 OK
[2021-04-21T21:09:19.745] [INFO] access - GET /download?fileName=xuyue&filePath=asd
[2021-04-21T21:09:19.783] [INFO] access - GET /favicon.ico
[2021-04-21T21:09:19.787] [INFO] access - GET /favicon.ico 200 OK
[2021-04-21T21:09:33.809] [INFO] access - GET /download?fileName=xuyue&filePath=asd
[2021-04-21T21:09:33.849] [INFO] access - GET /favicon.ico
[2021-04-21T21:09:33.852] [INFO] access - GET /favicon.ico 200 OK
[2021-04-21T21:10:01.287] [INFO] access - GET /download?fileName=xuyue&filePath=asd
[2021-04-21T21:10:01.325] [INFO] access - GET /favicon.ico
[2021-04-21T21:10:01.326] [INFO] access - GET /favicon.ico 200 OK
[2021-04-21T21:10:10.280] [INFO] access - GET /download?fileName=xuyue&filePath=asd
[2021-04-21T21:10:10.314] [INFO] access - GET /favicon.ico
[2021-04-21T21:10:10.316] [INFO] access - GET /favicon.ico 200 OK
[2021-04-21T21:10:26.678] [INFO] access - GET /download?fileName=xuyue&filePath=asd
[2021-04-21T21:10:26.710] [INFO] access - GET /favicon.ico
[2021-04-21T21:10:26.711] [INFO] access - GET /favicon.ico 200 OK
[2021-04-21T21:10:57.046] [INFO] access - GET /download?fileName=xuyue&filePath=asd
[2021-04-21T21:10:57.079] [INFO] access - GET /favicon.ico
[2021-04-21T21:10:57.082] [INFO] access - GET /favicon.ico 200 OK
[2021-04-21T21:12:05.666] [INFO] access - GET /download?fileName=xuyue&filePath=asd
[2021-04-21T21:12:05.701] [INFO] access - GET /favicon.ico
[2021-04-21T21:12:05.702] [INFO] access - GET /favicon.ico 200 OK
[2021-04-21T21:12:42.384] [INFO] access - GET /download?fileName=xuyue&filePath=asd
[2021-04-21T21:12:42.418] [INFO] access - GET /favicon.ico
[2021-04-21T21:12:42.419] [INFO] access - GET /favicon.ico 200 OK
[2021-04-21T21:13:16.924] [INFO] access - GET /download?fileName=xuyue&filePath=asd
[2021-04-21T21:13:16.980] [INFO] access - GET /favicon.ico
[2021-04-21T21:13:16.983] [INFO] access - GET /favicon.ico 200 OK
[2021-04-21T21:14:08.846] [INFO] access - GET /download?fileName=xuyue&filePath=asd
[2021-04-21T21:14:08.887] [INFO] access - GET /favicon.ico
[2021-04-21T21:14:08.889] [INFO] access - GET /favicon.ico 200 OK
[2021-04-21T21:14:34.285] [INFO] access - GET /download?fileName=xuyue&filePath=asd
[2021-04-21T21:14:34.315] [INFO] access - GET /favicon.ico
[2021-04-21T21:14:34.316] [INFO] access - GET /favicon.ico 200 OK
[2021-04-21T21:14:47.858] [INFO] access - GET /download?fileName=xuyue&filePath=asd
[2021-04-21T21:14:47.872] [INFO] access - GET /download?fileName=xuyue&filePath=asd 200 OK
[2021-04-21T21:14:47.908] [INFO] access - GET /favicon.ico
[2021-04-21T21:14:47.910] [INFO] access - GET /favicon.ico 200 OK
[2021-04-21T21:17:11.016] [INFO] access - GET /download?fileName=a.txt&filePath=xuyue
[2021-04-21T21:17:11.024] [INFO] access - GET /download?fileName=a.txt&filePath=xuyue 200 OK
[2021-04-21T21:17:57.202] [INFO] access - GET /download?fileName=a.txt&filePath=xuyue
[2021-04-21T21:17:57.216] [INFO] access - GET /download?fileName=a.txt&filePath=xuyue 200 OK
[2021-04-21T21:17:57.254] [INFO] access - GET /favicon.ico
[2021-04-21T21:17:57.257] [INFO] access - GET /favicon.ico 200 OK
[2021-04-21T21:18:27.354] [INFO] access - GET /download?fileName=a.txt&filePath=/xuyue/
[2021-04-21T21:19:01.661] [INFO] access - GET /download?fileName=a.txt&filePath=/xuyue/
[2021-04-21T21:19:01.694] [INFO] access - GET /favicon.ico
[2021-04-21T21:19:01.696] [INFO] access - GET /favicon.ico 200 OK
[2021-04-21T21:20:17.570] [INFO] access - GET /download?fileName=a.txt&filePath=/xuyue/
[2021-04-21T21:20:17.629] [INFO] access - GET /favicon.ico
[2021-04-21T21:20:17.635] [INFO] access - GET /favicon.ico 200 OK
[2021-04-21T21:22:16.000] [INFO] access - GET /download?fileName=a.txt&filePath=/xuyue
[2021-04-21T21:22:16.011] [INFO] access - GET /download?fileName=a.txt&filePath=/xuyue 200 OK
[2021-04-21T21:22:32.263] [INFO] access - GET /download?fileName=a.txt&filePath=xuyue/
[2021-04-21T21:22:32.265] [INFO] access - GET /download?fileName=a.txt&filePath=xuyue/ 200 OK
[2021-04-21T21:22:45.864] [INFO] access - GET /download?fileName=a.txt&filePath=/xuyue/
[2021-04-21T21:23:37.643] [INFO] access - GET /download?fileName=a.txt&filePath=/xuyue/
[2021-04-21T21:23:37.685] [INFO] access - GET /favicon.ico
[2021-04-21T21:23:37.688] [INFO] access - GET /favicon.ico 200 OK
[2021-04-21T21:25:56.075] [INFO] access - GET /download?fileName=a.txt&filePath=/xuyue/
[2021-04-21T21:25:56.118] [INFO] access - GET /favicon.ico
[2021-04-21T21:25:56.120] [INFO] access - GET /favicon.ico 200 OK
[2021-04-21T21:26:17.161] [INFO] access - GET /download?fileName=a.txt&filePath=/xuyue/
[2021-04-21T21:26:17.195] [INFO] access - GET /favicon.ico
[2021-04-21T21:26:17.197] [INFO] access - GET /favicon.ico 200 OK
[2021-04-21T21:27:06.229] [INFO] access - GET /download?fileName=a.txt&filePath=/xuyue/
[2021-04-21T21:27:06.262] [INFO] access - GET /favicon.ico
[2021-04-21T21:27:06.265] [INFO] access - GET /favicon.ico 200 OK
[2021-04-21T21:32:49.739] [INFO] access - GET /download?fileName=a.txt&filePath=/xuyue/
[2021-04-21T21:32:49.748] [INFO] access - GET /download?fileName=a.txt&filePath=/xuyue/ 200 OK
[2021-04-21T21:43:09.901] [INFO] access - GET /download?fileName=a.txt&filePath=/xuyue/
[2021-04-21T21:43:09.912] [INFO] access - GET /download?fileName=a.txt&filePath=/xuyue/ 200 OK
[2021-04-21T21:43:43.902] [INFO] access - GET /download?fileName=a.txt&filePath=/xuyue/
[2021-04-21T21:43:43.945] [INFO] access - GET /favicon.ico
[2021-04-21T21:43:43.948] [INFO] access - GET /favicon.ico 200 OK
[2021-04-21T21:43:46.245] [INFO] access - GET /download?fileName=a.txt&filePath=/xuyue/
[2021-04-21T21:43:46.273] [INFO] access - GET /favicon.ico
[2021-04-21T21:43:46.274] [INFO] access - GET /favicon.ico 200 OK
[2021-04-21T21:44:15.017] [INFO] access - GET /download?fileName=a.txt&filePath=/xuyue/
[2021-04-21T21:44:15.053] [INFO] access - GET /favicon.ico
[2021-04-21T21:44:15.054] [INFO] access - GET /favicon.ico 200 OK
[2021-04-21T21:45:40.174] [INFO] access - GET /download?fileName=a.txt&filePath=/xuyue/
[2021-04-21T21:45:40.185] [INFO] access - GET /download?fileName=a.txt&filePath=/xuyue/ 200 OK
[2021-04-21T21:45:51.303] [INFO] access - GET /download?fileName=a.txt&filePath=/xuyue/
[2021-04-21T21:45:51.308] [INFO] access - GET /download?fileName=a.txt&filePath=/xuyue/ 200 OK
[2021-04-21T21:46:31.796] [INFO] access - GET /download?fileName=a.txt&filePath=/xuyue/
[2021-04-21T21:46:31.804] [INFO] access - GET /download?fileName=a.txt&filePath=/xuyue/ 200 OK
[2021-04-21T21:47:38.354] [INFO] access - GET /download?fileName=a.txt&filePath=/xuyue/
[2021-04-21T21:47:38.369] [INFO] access - GET /download?fileName=a.txt&filePath=/xuyue/ 200 OK
[2021-04-21T21:48:25.210] [INFO] access - GET /download?fileName=a.html&filePath=/test/
[2021-04-21T21:48:25.217] [INFO] access - GET /download?fileName=a.html&filePath=/test/ 200 OK
[2021-04-21T21:50:49.850] [INFO] access - GET /download?fileName=a.txt&filePath=/xuyue/
[2021-04-21T21:50:49.874] [INFO] access - GET /download?fileName=a.txt&filePath=/xuyue/ 200 OK
[2021-04-21T21:51:04.014] [INFO] access - GET /download?fileName=a.heml&filePath=/xuyue/
[2021-04-21T21:51:04.021] [INFO] access - GET /download?fileName=a.heml&filePath=/xuyue/ 200 OK
[2021-04-21T21:51:04.124] [INFO] access - GET /favicon.ico
[2021-04-21T21:51:04.135] [INFO] access - GET /favicon.ico 200 OK
