[2021-04-21T21:14:08.855] [ERROR] errLog - false
[2021-04-21T21:14:34.293] [ERROR] errLog - false
[2021-04-21T21:18:27.355] [ERROR] errLog - ReferenceError: send is not defined
    at callbackFilesDownload (/Users/xy/MyCode/gitee/files-manage/server/routers/files.js:20:20)
    at async serve (/Users/xy/MyCode/gitee/files-manage/node_modules/koa-static/index.js:53:9)
    at async bodyParser (/Users/xy/MyCode/gitee/files-manage/node_modules/koa-bodyparser/index.js:95:5)
    at async /Users/xy/MyCode/gitee/files-manage/server/app.js:24:9
[2021-04-21T21:19:01.669] [ERROR] errLog - [Error: ENOENT: no such file or directory, stat '/Users/xy/MyCode/gitee/files-manage/download'] {
  errno: -2,
  code: 'ENOENT',
  syscall: 'stat',
  path: '/Users/xy/MyCode/gitee/files-manage/download',
  expose: true,
  statusCode: 404,
  status: 404
}
[2021-04-21T21:20:17.583] [ERROR] errLog - [Error: ENOENT: no such file or directory, stat '/Users/xy/MyCode/gitee/files-manage/Users/xy/MyCode/gitee/files-manage/server/files/xuyue/a.txt'] {
  errno: -2,
  code: 'ENOENT',
  syscall: 'stat',
  path: '/Users/xy/MyCode/gitee/files-manage/Users/xy/MyCode/gitee/files-manage/server/files/xuyue/a.txt',
  expose: true,
  statusCode: 404,
  status: 404
}
[2021-04-21T21:22:45.867] [ERROR] errLog - [Error: ENOENT: no such file or directory, stat '/Users/xy/MyCode/gitee/files-manage/Users/xy/MyCode/gitee/files-manage/server/files/xuyue/a.txt'] {
  errno: -2,
  code: 'ENOENT',
  syscall: 'stat',
  path: '/Users/xy/MyCode/gitee/files-manage/Users/xy/MyCode/gitee/files-manage/server/files/xuyue/a.txt',
  expose: true,
  statusCode: 404,
  status: 404
}
[2021-04-21T21:23:37.658] [ERROR] errLog - ClientError [ForbiddenError]: Forbidden
    at resolvePath (/Users/xy/MyCode/gitee/files-manage/node_modules/resolve-path/index.js:83:11)
    at send (/Users/xy/MyCode/gitee/files-manage/node_modules/koa-send/index.js:81:10)
    at callbackFilesDownload (/Users/xy/MyCode/gitee/files-manage/server/routers/files.js:22:26)
    at async serve (/Users/xy/MyCode/gitee/files-manage/node_modules/koa-static/index.js:53:9)
    at async bodyParser (/Users/xy/MyCode/gitee/files-manage/node_modules/koa-bodyparser/index.js:95:5)
    at async /Users/xy/MyCode/gitee/files-manage/server/app.js:24:9
[2021-04-21T21:25:56.089] [ERROR] errLog - [Error: ENOENT: no such file or directory, stat '/Users/xy/MyCode/gitee/files-manage/Users/xy/MyCode/gitee/files-manage/server/files/xuyue/a.txt'] {
  errno: -2,
  code: 'ENOENT',
  syscall: 'stat',
  path: '/Users/xy/MyCode/gitee/files-manage/Users/xy/MyCode/gitee/files-manage/server/files/xuyue/a.txt',
  expose: true,
  statusCode: 404,
  status: 404
}
[2021-04-21T21:26:17.169] [ERROR] errLog - AssertionError [ERR_ASSERTION]: pathname required
    at send (/Users/xy/MyCode/gitee/files-manage/node_modules/koa-send/index.js:52:3)
    at callbackFilesDownload (/Users/xy/MyCode/gitee/files-manage/server/routers/files.js:22:26)
    at async serve (/Users/xy/MyCode/gitee/files-manage/node_modules/koa-static/index.js:53:9)
    at async bodyParser (/Users/xy/MyCode/gitee/files-manage/node_modules/koa-bodyparser/index.js:95:5)
    at async /Users/xy/MyCode/gitee/files-manage/server/app.js:24:9 {
  generatedMessage: false,
  code: 'ERR_ASSERTION',
  actual: undefined,
  expected: true,
  operator: '=='
}
[2021-04-21T21:27:06.239] [ERROR] errLog - ClientError [ForbiddenError]: Forbidden
    at resolvePath (/Users/xy/MyCode/gitee/files-manage/node_modules/resolve-path/index.js:83:11)
    at send (/Users/xy/MyCode/gitee/files-manage/node_modules/koa-send/index.js:81:10)
    at callbackFilesDownload (/Users/xy/MyCode/gitee/files-manage/server/routers/files.js:22:26)
    at async serve (/Users/xy/MyCode/gitee/files-manage/node_modules/koa-static/index.js:53:9)
    at async bodyParser (/Users/xy/MyCode/gitee/files-manage/node_modules/koa-bodyparser/index.js:95:5)
    at async /Users/xy/MyCode/gitee/files-manage/server/app.js:24:9
[2021-04-21T21:43:43.910] [ERROR] errLog - TypeError: ctx.res.set is not a function
    at callbackFilesDownload (/Users/xy/MyCode/gitee/files-manage/server/routers/files.js:22:17)
    at async serve (/Users/xy/MyCode/gitee/files-manage/node_modules/koa-static/index.js:53:9)
    at async bodyParser (/Users/xy/MyCode/gitee/files-manage/node_modules/koa-bodyparser/index.js:95:5)
    at async /Users/xy/MyCode/gitee/files-manage/server/app.js:24:9
[2021-04-21T21:43:46.246] [ERROR] errLog - TypeError: ctx.res.set is not a function
    at callbackFilesDownload (/Users/xy/MyCode/gitee/files-manage/server/routers/files.js:22:17)
    at async serve (/Users/xy/MyCode/gitee/files-manage/node_modules/koa-static/index.js:53:9)
    at async bodyParser (/Users/xy/MyCode/gitee/files-manage/node_modules/koa-bodyparser/index.js:95:5)
    at async /Users/xy/MyCode/gitee/files-manage/server/app.js:24:9
[2021-04-21T21:44:15.024] [ERROR] errLog - TypeError: ctx.setHeader is not a function
    at callbackFilesDownload (/Users/xy/MyCode/gitee/files-manage/server/routers/files.js:22:13)
    at async serve (/Users/xy/MyCode/gitee/files-manage/node_modules/koa-static/index.js:53:9)
    at async bodyParser (/Users/xy/MyCode/gitee/files-manage/node_modules/koa-bodyparser/index.js:95:5)
    at async /Users/xy/MyCode/gitee/files-manage/server/app.js:24:9
